\BOOKMARK [1][-]{section.1}{\376\377\000T\000h\000e\000\040\000F\000i\000r\000s\000t\000-\000M\000o\000v\000e\000r\000\040\000P\000r\000o\000b\000l\000e\000m}{}% 1
\BOOKMARK [1][-]{section.2}{\376\377\000A\000c\000q\000u\000i\000s\000i\000t\000i\000o\000n\000\040\000V\000e\000h\000i\000c\000l\000e\000:\000\040\000O\000n\000e\000\040\000C\000a\000l\000i\000f\000o\000r\000n\000i\000a\000\040\000P\000l\000a\000z\000a}{}% 2
\BOOKMARK [1][-]{section.3}{\376\377\000C\000a\000p\000i\000t\000a\000l\000i\000z\000a\000t\000i\000o\000n\000\040\000T\000a\000b\000l\000e}{}% 3
\BOOKMARK [1][-]{section.4}{\376\377\000R\000e\000v\000e\000n\000u\000e\000\040\000M\000o\000d\000e\000l\000:\000\040\000C\000a\000l\000A\000I\000M\000\040\000B\000i\000l\000l\000i\000n\000g\000\040\000A\000r\000c\000h\000i\000t\000e\000c\000t\000u\000r\000e}{}% 4
\BOOKMARK [1][-]{section.5}{\376\377\000T\000h\000i\000r\000t\000y\000-\000S\000i\000x\000-\000M\000o\000n\000t\000h\000\040\000O\000c\000c\000u\000p\000a\000n\000c\000y\000\040\000a\000n\000d\000\040\000R\000e\000v\000e\000n\000u\000e\000\040\000P\000r\000o\000j\000e\000c\000t\000i\000o\000n}{}% 5
\BOOKMARK [1][-]{section.6}{\376\377\000A\000v\000o\000i\000d\000e\000d\000-\000C\000o\000s\000t\000\040\000R\000e\000t\000u\000r\000n\000\040\000C\000a\000l\000c\000u\000l\000a\000t\000i\000o\000n}{}% 6
\BOOKMARK [1][-]{section.7}{\376\377\000M\000e\000a\000s\000u\000r\000e\000m\000e\000n\000t\000\040\000W\000i\000n\000d\000o\000w\000s\000\040\000a\000n\000d\000\040\000R\000e\000p\000l\000i\000c\000a\000t\000i\000o\000n\000\040\000T\000r\000i\000g\000g\000e\000r\000s}{}% 7
\BOOKMARK [1][-]{section.8}{\376\377\000R\000i\000s\000k\000\040\000A\000r\000c\000h\000i\000t\000e\000c\000t\000u\000r\000e}{}% 8
\BOOKMARK [1][-]{section.9}{\376\377\000C\000o\000n\000c\000l\000u\000s\000i\000o\000n}{}% 9
\BOOKMARK [1][-]{section.9}{\376\377\000R\000e\000f\000e\000r\000e\000n\000c\000e\000s}{}% 10
\BOOKMARK [1][-]{section.10}{\376\377\000A\000p\000p\000e\000n\000d\000i\000x\000\040\000A\000:\000\040\000P\000r\000o\000\040\000F\000o\000r\000m\000a\000\040\000F\000i\000n\000a\000n\000c\000i\000a\000l\000\040\000M\000o\000d\000e\000l}{}% 11
\BOOKMARK [2][-]{subsection.10.1}{\376\377\000C\000a\000p\000i\000t\000a\000l\000\040\000R\000e\000q\000u\000i\000r\000e\000m\000e\000n\000t\000s}{section.10}% 12
\BOOKMARK [2][-]{subsection.10.2}{\376\377\000C\000a\000p\000i\000t\000a\000l\000\040\000S\000t\000a\000c\000k}{section.10}% 13
\BOOKMARK [2][-]{subsection.10.3}{\376\377\000C\000a\000l\000A\000I\000M\000\040\000R\000e\000v\000e\000n\000u\000e\000\040\000L\000i\000n\000e\000s\000\040\000\050\000P\000e\000r\000\040\000U\000n\000i\000t\000,\000\040\000A\000n\000n\000u\000a\000l\000i\000z\000e\000d\000\051}{section.10}% 14
\BOOKMARK [2][-]{subsection.10.4}{\376\377\000T\000h\000i\000r\000t\000y\000-\000S\000i\000x\000-\000M\000o\000n\000t\000h\000\040\000R\000e\000v\000e\000n\000u\000e\000\040\000P\000r\000o\000j\000e\000c\000t\000i\000o\000n}{section.10}% 15
\BOOKMARK [2][-]{subsection.10.5}{\376\377\000O\000p\000e\000r\000a\000t\000i\000n\000g\000\040\000E\000x\000p\000e\000n\000s\000e\000\040\000M\000o\000d\000e\000l\000\040\000\050\000A\000t\000\040\000M\000a\000t\000u\000r\000i\000t\000y\000\051}{section.10}% 16
\BOOKMARK [2][-]{subsection.10.6}{\376\377\000D\000e\000b\000t\000\040\000S\000e\000r\000v\000i\000c\000e\000\040\000a\000n\000d\000\040\000Y\000i\000e\000l\000d\000\040\000D\000i\000s\000t\000r\000i\000b\000u\000t\000i\000o\000n\000\040\000\050\000A\000t\000\040\000M\000a\000t\000u\000r\000i\000t\000y\000\051}{section.10}% 17
\BOOKMARK [2][-]{subsection.10.7}{\376\377\000A\000v\000o\000i\000d\000e\000d\000-\000C\000o\000s\000t\000\040\000F\000i\000s\000c\000a\000l\000\040\000I\000m\000p\000a\000c\000t}{section.10}% 18
\BOOKMARK [2][-]{subsection.10.8}{\376\377\000S\000e\000n\000s\000i\000t\000i\000v\000i\000t\000y\000\040\000A\000n\000a\000l\000y\000s\000i\000s}{section.10}% 19
\BOOKMARK [2][-]{subsection.10.9}{\376\377\000M\000e\000a\000s\000u\000r\000e\000m\000e\000n\000t\000\040\000W\000i\000n\000d\000o\000w\000s}{section.10}% 20
\BOOKMARK [2][-]{subsection.10.10}{\376\377\000K\000e\000y\000\040\000A\000s\000s\000u\000m\000p\000t\000i\000o\000n\000s\000\040\000a\000n\000d\000\040\000L\000i\000m\000i\000t\000a\000t\000i\000o\000n\000s}{section.10}% 21
